0 info it worked if it ends with ok
1 verbose cli [ '/usr/local/bin/node', '/usr/local/bin/npm', 'start' ]
2 info using npm@4.0.0
3 info using node@v4.4.7
4 verbose run-script [ 'prestart', 'start', 'poststart' ]
5 info lifecycle googlemaps@1.0.0~prestart: googlemaps@1.0.0
6 silly lifecycle googlemaps@1.0.0~prestart: no script for prestart, continuing
7 info lifecycle googlemaps@1.0.0~start: googlemaps@1.0.0
8 verbose lifecycle googlemaps@1.0.0~start: unsafe-perm in lifecycle true
9 verbose lifecycle googlemaps@1.0.0~start: PATH: /usr/local/lib/node_modules/npm/bin/node-gyp-bin:/Users/lucas/Documents/googlemaps/node_modules/.bin:/usr/local/heroku/bin:/usr/local/bin:/usr/bin:/bin:/usr/sbin:/sbin:/opt/X11/bin:/usr/local/ncbi/blast/bin:/usr/texbin
10 verbose lifecycle googlemaps@1.0.0~start: CWD: /Users/lucas/Documents/googlemaps
11 silly lifecycle googlemaps@1.0.0~start: Args: [ '-c', 'harp server --port $PORT' ]
12 silly lifecycle googlemaps@1.0.0~start: Returned: code: 1  signal: null
13 info lifecycle googlemaps@1.0.0~start: Failed to exec start script
14 verbose stack Error: googlemaps@1.0.0 start: `harp server --port $PORT`
14 verbose stack Exit status 1
14 verbose stack     at EventEmitter.<anonymous> (/usr/local/lib/node_modules/npm/lib/utils/lifecycle.js:277:16)
14 verbose stack     at emitTwo (events.js:87:13)
14 verbose stack     at EventEmitter.emit (events.js:172:7)
14 verbose stack     at ChildProcess.<anonymous> (/usr/local/lib/node_modules/npm/lib/utils/spawn.js:40:14)
14 verbose stack     at emitTwo (events.js:87:13)
14 verbose stack     at ChildProcess.emit (events.js:172:7)
14 verbose stack     at maybeClose (internal/child_process.js:827:16)
14 verbose stack     at Process.ChildProcess._handle.onexit (internal/child_process.js:211:5)
15 verbose pkgid googlemaps@1.0.0
16 verbose cwd /Users/lucas/Documents/googlemaps
17 error Darwin 15.6.0
18 error argv "/usr/local/bin/node" "/usr/local/bin/npm" "start"
19 error node v4.4.7
20 error npm  v4.0.0
21 error code ELIFECYCLE
22 error googlemaps@1.0.0 start: `harp server --port $PORT`
22 error Exit status 1
23 error Failed at the googlemaps@1.0.0 start script 'harp server --port $PORT'.
23 error Make sure you have the latest version of node.js and npm installed.
23 error If you do, this is most likely a problem with the googlemaps package,
23 error not with npm itself.
23 error Tell the author that this fails on your system:
23 error     harp server --port $PORT
23 error You can get information on how to open an issue for this project with:
23 error     npm bugs googlemaps
23 error Or if that isn't available, you can get their info via:
23 error     npm owner ls googlemaps
23 error There is likely additional logging output above.
24 verbose exit [ 1, true ]
